<?xml version="1.0" encoding="UTF-8"?>
<!-- Generated by org.testng.reporters.JUnitReportReporter -->
<testsuite hostname="LAPTOP-DawsonWu" failures="0" tests="1" name="restapitestpackage.RestAPITest01" time="2.052" errors="0" timestamp="2020-06-25T23:18:25 EDT" skipped="0">
  <testcase classname="restapitestpackage.RestAPITest01" name="verifyNumber" time="2.052"/>
  <system-out/>
</testsuite> <!-- restapitestpackage.RestAPITest01 -->
