<?xml version="1.0" encoding="UTF-8"?>
<!-- Generated by org.testng.reporters.JUnitReportReporter -->
<testsuite hostname="LAPTOP-DawsonWu" failures="0" tests="2" name="com.tatcs.testPackage.LoadTest02" time="8.174" errors="0" timestamp="2020-06-22T22:38:25 EDT" skipped="0">
  <testcase classname="com.tatcs.testPackage.LoadTest02" name="verifySearchButton4" time="4.134"/>
  <system-out>
Google Search text is found...4  </system-out>
  <testcase classname="com.tatcs.testPackage.LoadTest02" name="verifySearchButton3" time="4.040"/>
  <system-out>
Google Search text is found...3  </system-out>
</testsuite> <!-- com.tatcs.testPackage.LoadTest02 -->
