<?xml version="1.0" encoding="UTF-8"?>
<!-- Generated by org.testng.reporters.JUnitReportReporter -->
<testsuite hostname="LAPTOP-DawsonWu" failures="0" tests="2" name="smoketest.SmokeTest01" time="16.740" errors="0" timestamp="2020-06-25T23:18:25 EDT" skipped="0">
  <testcase classname="smoketest.SmokeTest01" name="verifyTandTPageTitle" time="11.860"/>
  <system-out>
Verify that the hyperlink of 'T and T Consulting Services' is found. Verify that the text of 'T and T Consulting Services' is found.  </system-out>
  <testcase classname="smoketest.SmokeTest01" name="verifyTandTHomePage" time="4.880"/>
  <system-out>
Verify that the text of Company Information is found. Verify that the text of Eligible for SBA 8(a) Program Competitive is found. The main menu text is verified.  </system-out>
</testsuite> <!-- smoketest.SmokeTest01 -->
