<?xml version="1.0" encoding="UTF-8"?>
<!-- Generated by org.testng.reporters.JUnitReportReporter -->
<testsuite hostname="LAPTOP-DawsonWu" failures="0" tests="1" name="smoketest.SmokeTest02" time="6.743" errors="0" timestamp="2020-06-24T23:17:25 EDT" skipped="0">
  <testcase classname="smoketest.SmokeTest02" name="verifyADPLogin" time="6.743"/>
  <system-out>
Verify that the error message of 'Logon attempt failed' is found.  </system-out>
</testsuite> <!-- smoketest.SmokeTest02 -->
