<?xml version="1.0" encoding="UTF-8"?>
<!-- Generated by org.testng.reporters.JUnitReportReporter -->
<testsuite hostname="LAPTOP-DawsonWu" failures="0" tests="1" name="com.tatcs.testPackage.LoadTest01" time="1.706" errors="0" timestamp="2020-06-21T16:12:15 EDT" skipped="0">
  <testcase classname="com.tatcs.testPackage.LoadTest01" name="verifySearchButton" time="1.706"/>
  <system-out/>
</testsuite> <!-- com.tatcs.testPackage.LoadTest01 -->
