<?xml version="1.0" encoding="UTF-8"?>
<!-- Generated by org.testng.reporters.JUnitReportReporter -->
<testsuite hostname="LAPTOP-DawsonWu" failures="0" tests="1" name="smoketest.SmokeTest01" time="9.737" errors="0" timestamp="2020-06-24T23:21:36 EDT" skipped="0">
  <testcase classname="smoketest.SmokeTest01" name="verifyTandTPageTitle" time="9.737"/>
  <system-out>
Verify that the hyperlink of 'T and T Consulting Services' is found. Verify that the text of 'T and T Consulting Services' is found.  </system-out>
</testsuite> <!-- smoketest.SmokeTest01 -->
