<?xml version="1.0" encoding="UTF-8"?>
<!-- Generated by org.testng.reporters.JUnitReportReporter -->
<testsuite hostname="LAPTOP-DawsonWu" failures="0" tests="2" name="com.tatcs.testPackage.LoadTest01" time="4.090" errors="0" timestamp="2020-06-22T22:38:25 EDT" skipped="0">
  <testcase classname="com.tatcs.testPackage.LoadTest01" name="verifySearchButton1" time="2.037"/>
  <system-out>
Google Search text is found...1  </system-out>
  <testcase classname="com.tatcs.testPackage.LoadTest01" name="verifySearchButton0" time="2.053"/>
  <system-out>
Google Search text is found...0  </system-out>
</testsuite> <!-- com.tatcs.testPackage.LoadTest01 -->
